This is pdfTeX, Version 3.141592653-2.6-1.40.22 (TeX Live 2022/dev/Debian) (preloaded format=pdflatex 2024.12.27)  27 DEC 2024 11:19
entering extended mode
 restricted \write18 enabled.
 %&-line parsing enabled.
**docs/report.tex
(./docs/report.tex
LaTeX2e <2021-11-15> patch level 1
L3 programming layer <2022-01-21>
(/usr/share/texlive/texmf-dist/tex/latex/base/article.cls
Document Class: article 2021/10/04 v1.4n Standard LaTeX document class
(/usr/share/texlive/texmf-dist/tex/latex/base/size10.clo
File: size10.clo 2021/10/04 v1.4n Standard LaTeX file (size option)
)
\c@part=\count185
\c@section=\count186
\c@subsection=\count187
\c@subsubsection=\count188
\c@paragraph=\count189
\c@subparagraph=\count190
\c@figure=\count191
\c@table=\count192
\abovecaptionskip=\skip47
\belowcaptionskip=\skip48
\bibindent=\dimen138
)
(/usr/share/texlive/texmf-dist/tex/latex/preprint/authblk.sty
Package: authblk 2001/02/27 1.3 (PWD)
\affilsep=\skip49
\@affilsep=\skip50
\c@Maxaffil=\count193
\c@authors=\count194
\c@affil=\count195
)
(/usr/share/texlive/texmf-dist/tex/latex/amscls/amsthm.sty
Package: amsthm 2020/05/29 v2.20.6
\thm@style=\toks16
\thm@bodyfont=\toks17
\thm@headfont=\toks18
\thm@notefont=\toks19
\thm@headpunct=\toks20
\thm@preskip=\skip51
\thm@postskip=\skip52
\thm@headsep=\skip53
\dth@everypar=\toks21
)
(/usr/share/texlive/texmf-dist/tex/latex/amsmath/amsmath.sty
Package: amsmath 2021/10/15 v2.17l AMS math features
\@mathmargin=\skip54

For additional information on amsmath, use the `?' option.
(/usr/share/texlive/texmf-dist/tex/latex/amsmath/amstext.sty
Package: amstext 2021/08/26 v2.01 AMS text

(/usr/share/texlive/texmf-dist/tex/latex/amsmath/amsgen.sty
File: amsgen.sty 1999/11/30 v2.0 generic functions
\@emptytoks=\toks22
\ex@=\dimen139
))
(/usr/share/texlive/texmf-dist/tex/latex/amsmath/amsbsy.sty
Package: amsbsy 1999/11/29 v1.2d Bold Symbols
\pmbraise@=\dimen140
)
(/usr/share/texlive/texmf-dist/tex/latex/amsmath/amsopn.sty
Package: amsopn 2021/08/26 v2.02 operator names
)
\inf@bad=\count196
LaTeX Info: Redefining \frac on input line 234.
\uproot@=\count197
\leftroot@=\count198
LaTeX Info: Redefining \overline on input line 399.
\classnum@=\count199
\DOTSCASE@=\count266
LaTeX Info: Redefining \ldots on input line 496.
LaTeX Info: Redefining \dots on input line 499.
LaTeX Info: Redefining \cdots on input line 620.
\Mathstrutbox@=\box50
\strutbox@=\box51
\big@size=\dimen141
LaTeX Font Info:    Redeclaring font encoding OML on input line 743.
LaTeX Font Info:    Redeclaring font encoding OMS on input line 744.
\macc@depth=\count267
\c@MaxMatrixCols=\count268
\dotsspace@=\muskip16
\c@parentequation=\count269
\dspbrk@lvl=\count270
\tag@help=\toks23
\row@=\count271
\column@=\count272
\maxfields@=\count273
\andhelp@=\toks24
\eqnshift@=\dimen142
\alignsep@=\dimen143
\tagshift@=\dimen144
\tagwidth@=\dimen145
\totwidth@=\dimen146
\lineht@=\dimen147
\@envbody=\toks25
\multlinegap=\skip55
\multlinetaggap=\skip56
\mathdisplay@stack=\toks26
LaTeX Info: Redefining \[ on input line 2938.
LaTeX Info: Redefining \] on input line 2939.
)
(/usr/share/texlive/texmf-dist/tex/latex/amsfonts/amssymb.sty
Package: amssymb 2013/01/14 v3.01 AMS font symbols

(/usr/share/texlive/texmf-dist/tex/latex/amsfonts/amsfonts.sty
Package: amsfonts 2013/01/14 v3.01 Basic AMSFonts support
\symAMSa=\mathgroup4
\symAMSb=\mathgroup5
LaTeX Font Info:    Redeclaring math symbol \hbar on input line 98.
LaTeX Font Info:    Overwriting math alphabet `\mathfrak' in version `bold'
(Font)                  U/euf/m/n --> U/euf/b/n on input line 106.
))
(/usr/share/texlive/texmf-dist/tex/latex/geometry/geometry.sty
Package: geometry 2020/01/02 v5.9 Page Geometry

(/usr/share/texlive/texmf-dist/tex/latex/graphics/keyval.sty
Package: keyval 2014/10/28 v1.15 key=value parser (DPC)
\KV@toks@=\toks27
)
(/usr/share/texlive/texmf-dist/tex/generic/iftex/ifvtex.sty
Package: ifvtex 2019/10/25 v1.7 ifvtex legacy package. Use iftex instead.

(/usr/share/texlive/texmf-dist/tex/generic/iftex/iftex.sty
Package: iftex 2020/03/06 v1.0d TeX engine tests
))
\Gm@cnth=\count274
\Gm@cntv=\count275
\c@Gm@tempcnt=\count276
\Gm@bindingoffset=\dimen148
\Gm@wd@mp=\dimen149
\Gm@odd@mp=\dimen150
\Gm@even@mp=\dimen151
\Gm@layoutwidth=\dimen152
\Gm@layoutheight=\dimen153
\Gm@layouthoffset=\dimen154
\Gm@layoutvoffset=\dimen155
\Gm@dimlist=\toks28
)
(/usr/share/texlive/texmf-dist/tex/latex/graphics/graphicx.sty
Package: graphicx 2021/09/16 v1.2d Enhanced LaTeX Graphics (DPC,SPQR)

(/usr/share/texlive/texmf-dist/tex/latex/graphics/graphics.sty
Package: graphics 2021/03/04 v1.4d Standard LaTeX Graphics (DPC,SPQR)

(/usr/share/texlive/texmf-dist/tex/latex/graphics/trig.sty
Package: trig 2021/08/11 v1.11 sin cos tan (DPC)
)
(/usr/share/texlive/texmf-dist/tex/latex/graphics-cfg/graphics.cfg
File: graphics.cfg 2016/06/04 v1.11 sample graphics configuration
)
Package graphics Info: Driver file: pdftex.def on input line 107.

(/usr/share/texlive/texmf-dist/tex/latex/graphics-def/pdftex.def
File: pdftex.def 2020/10/05 v1.2a Graphics/color driver for pdftex
))
\Gin@req@height=\dimen156
\Gin@req@width=\dimen157
)
(/usr/share/texlive/texmf-dist/tex/latex/float/float.sty
Package: float 2001/11/08 v1.3d Float enhancements (AL)
\c@float@type=\count277
\float@exts=\toks29
\float@box=\box52
\@float@everytoks=\toks30
\@floatcapt=\box53
)
(/usr/share/texlive/texmf-dist/tex/latex/listings/listings.sty
\lst@mode=\count278
\lst@gtempboxa=\box54
\lst@token=\toks31
\lst@length=\count279
\lst@currlwidth=\dimen158
\lst@column=\count280
\lst@pos=\count281
\lst@lostspace=\dimen159
\lst@width=\dimen160
\lst@newlines=\count282
\lst@lineno=\count283
\lst@maxwidth=\dimen161

(/usr/share/texlive/texmf-dist/tex/latex/listings/lstmisc.sty
File: lstmisc.sty 2020/03/24 1.8d (Carsten Heinz)
\c@lstnumber=\count284
\lst@skipnumbers=\count285
\lst@framebox=\box55
)
(/usr/share/texlive/texmf-dist/tex/latex/listings/listings.cfg
File: listings.cfg 2020/03/24 1.8d listings configuration
))
Package: listings 2020/03/24 1.8d (Carsten Heinz)

(/usr/share/texlive/texmf-dist/tex/latex/xcolor/xcolor.sty
Package: xcolor 2021/10/31 v2.13 LaTeX color extensions (UK)

(/usr/share/texlive/texmf-dist/tex/latex/graphics-cfg/color.cfg
File: color.cfg 2016/01/02 v1.6 sample color configuration
)
Package xcolor Info: Driver file: pdftex.def on input line 227.
Package xcolor Info: Model `cmy' substituted by `cmy0' on input line 1352.
Package xcolor Info: Model `hsb' substituted by `rgb' on input line 1356.
Package xcolor Info: Model `RGB' extended on input line 1368.
Package xcolor Info: Model `HTML' substituted by `rgb' on input line 1370.
Package xcolor Info: Model `Hsb' substituted by `hsb' on input line 1371.
Package xcolor Info: Model `tHsb' substituted by `hsb' on input line 1372.
Package xcolor Info: Model `HSB' substituted by `hsb' on input line 1373.
Package xcolor Info: Model `Gray' substituted by `gray' on input line 1374.
Package xcolor Info: Model `wave' substituted by `hsb' on input line 1375.
)
(/usr/share/texlive/texmf-dist/tex/latex/l3backend/l3backend-pdftex.def
File: l3backend-pdftex.def 2022-01-12 L3 backend support: PDF output (pdfTeX)
\l__color_backend_stack_int=\count286
\l__pdf_internal_box=\box56
)
(docs/report.aux)
\openout1 = `report.aux'.

LaTeX Font Info:    Checking defaults for OML/cmm/m/it on input line 36.
LaTeX Font Info:    ... okay on input line 36.
LaTeX Font Info:    Checking defaults for OMS/cmsy/m/n on input line 36.
LaTeX Font Info:    ... okay on input line 36.
LaTeX Font Info:    Checking defaults for OT1/cmr/m/n on input line 36.
LaTeX Font Info:    ... okay on input line 36.
LaTeX Font Info:    Checking defaults for T1/cmr/m/n on input line 36.
LaTeX Font Info:    ... okay on input line 36.
LaTeX Font Info:    Checking defaults for TS1/cmr/m/n on input line 36.
LaTeX Font Info:    ... okay on input line 36.
LaTeX Font Info:    Checking defaults for OMX/cmex/m/n on input line 36.
LaTeX Font Info:    ... okay on input line 36.
LaTeX Font Info:    Checking defaults for U/cmr/m/n on input line 36.
LaTeX Font Info:    ... okay on input line 36.

*geometry* driver: auto-detecting
*geometry* detected driver: pdftex
*geometry* verbose mode - [ preamble ] result:
* driver: pdftex
* paper: a4paper
* layout: <same size as paper>
* layoutoffset:(h,v)=(0.0pt,0.0pt)
* modes: 
* h-part:(L,W,R)=(42.67912pt, 512.14963pt, 42.67912pt)
* v-part:(T,H,B)=(0.0pt, 816.5941pt, 28.45274pt)
* \paperwidth=597.50787pt
* \paperheight=845.04675pt
* \textwidth=512.14963pt
* \textheight=719.8548pt
* \oddsidemargin=-29.59087pt
* \evensidemargin=-29.59087pt
* \topmargin=-28.45274pt
* \headheight=12.0pt
* \headsep=25.0pt
* \topskip=10.0pt
* \footskip=30.0pt
* \marginparwidth=57.0pt
* \marginparsep=11.0pt
* \columnsep=10.0pt
* \skip\footins=9.0pt plus 4.0pt minus 2.0pt
* \hoffset=0.0pt
* \voffset=0.0pt
* \mag=1000
* \@twocolumnfalse
* \@twosidefalse
* \@mparswitchfalse
* \@reversemarginfalse
* (1in=72.27pt=25.4mm, 1cm=28.453pt)

(/usr/share/texlive/texmf-dist/tex/context/base/mkii/supp-pdf.mkii
[Loading MPS to PDF converter (version 2006.09.02).]
\scratchcounter=\count287
\scratchdimen=\dimen162
\scratchbox=\box57
\nofMPsegments=\count288
\nofMParguments=\count289
\everyMPshowfont=\toks32
\MPscratchCnt=\count290
\MPscratchDim=\dimen163
\MPnumerator=\count291
\makeMPintoPDFobject=\count292
\everyMPtoPDFconversion=\toks33
) (/usr/share/texlive/texmf-dist/tex/latex/epstopdf-pkg/epstopdf-base.sty
Package: epstopdf-base 2020-01-24 v2.11 Base part for package epstopdf
Package epstopdf-base Info: Redefining graphics rule for `.eps' on input line 4
85.

(/usr/share/texlive/texmf-dist/tex/latex/latexconfig/epstopdf-sys.cfg
File: epstopdf-sys.cfg 2010/07/13 v1.3 Configuration of (r)epstopdf for TeX Liv
e
))
\c@lstlisting=\count293
LaTeX Font Info:    Trying to load font information for U+msa on input line 47.


(/usr/share/texlive/texmf-dist/tex/latex/amsfonts/umsa.fd
File: umsa.fd 2013/01/14 v3.01 AMS symbols A
)
LaTeX Font Info:    Trying to load font information for U+msb on input line 47.


(/usr/share/texlive/texmf-dist/tex/latex/amsfonts/umsb.fd
File: umsb.fd 2013/01/14 v3.01 AMS symbols B
)
(/usr/share/texlive/texmf-dist/tex/latex/listings/lstlang1.sty
File: lstlang1.sty 2020/03/24 1.8d listings language file
)
(/usr/share/texlive/texmf-dist/tex/latex/listings/lstlang1.sty
File: lstlang1.sty 2020/03/24 1.8d listings language file
)
(/usr/share/texlive/texmf-dist/tex/latex/listings/lstmisc.sty
File: lstmisc.sty 2020/03/24 1.8d (Carsten Heinz)
)
<./figure/check/P1_bspline.png, id=1, 462.528pt x 346.896pt>
File: ./figure/check/P1_bspline.png Graphic file (type png)
<use ./figure/check/P1_bspline.png>
Package pdftex.def Info: ./figure/check/P1_bspline.png  used on input line 91.
(pdftex.def)             Requested size: 230.46576pt x 172.84943pt.
<./figure/check/P1_ppspline.png, id=3, 462.528pt x 346.896pt>
File: ./figure/check/P1_ppspline.png Graphic file (type png)
<use ./figure/check/P1_ppspline.png>
Package pdftex.def Info: ./figure/check/P1_ppspline.png  used on input line 92.

(pdftex.def)             Requested size: 230.46576pt x 172.84943pt.
 [1

{/var/lib/texmf/fonts/map/pdftex/updmap/pdftex.map}] [2 <./figure/check/P1_bspl
ine.png> <./figure/check/P1_ppspline.png>]
<./figure/check/P2_s23_clamped.png, id=32, 462.528pt x 346.896pt>
File: ./figure/check/P2_s23_clamped.png Graphic file (type png)
<use ./figure/check/P2_s23_clamped.png>
Package pdftex.def Info: ./figure/check/P2_s23_clamped.png  used on input line 
218.
(pdftex.def)             Requested size: 230.46576pt x 172.84943pt.
<./figure/check/P2_s23_natural.png, id=33, 462.528pt x 346.896pt>
File: ./figure/check/P2_s23_natural.png Graphic file (type png)
<use ./figure/check/P2_s23_natural.png>
Package pdftex.def Info: ./figure/check/P2_s23_natural.png  used on input line 
219.
(pdftex.def)             Requested size: 230.46576pt x 172.84943pt.
<./figure/check/P2_s23_periodic.png, id=34, 462.528pt x 346.896pt>
File: ./figure/check/P2_s23_periodic.png Graphic file (type png)
<use ./figure/check/P2_s23_periodic.png>
Package pdftex.def Info: ./figure/check/P2_s23_periodic.png  used on input line
 220.
(pdftex.def)             Requested size: 230.46576pt x 172.84943pt.
 [3]
<./figure/check/P3_s23_clamped.png, id=38, 462.528pt x 346.896pt>
File: ./figure/check/P3_s23_clamped.png Graphic file (type png)
<use ./figure/check/P3_s23_clamped.png>
Package pdftex.def Info: ./figure/check/P3_s23_clamped.png  used on input line 
234.
(pdftex.def)             Requested size: 230.46576pt x 172.84943pt.
<./figure/check/P3_s23_natural.png, id=39, 462.528pt x 346.896pt>
File: ./figure/check/P3_s23_natural.png Graphic file (type png)
<use ./figure/check/P3_s23_natural.png>
Package pdftex.def Info: ./figure/check/P3_s23_natural.png  used on input line 
235.
(pdftex.def)             Requested size: 230.46576pt x 172.84943pt.
<./figure/check/P3_s23_periodic.png, id=40, 462.528pt x 346.896pt>
File: ./figure/check/P3_s23_periodic.png Graphic file (type png)
<use ./figure/check/P3_s23_periodic.png>
Package pdftex.def Info: ./figure/check/P3_s23_periodic.png  used on input line
 236.
(pdftex.def)             Requested size: 230.46576pt x 172.84943pt.
 [4 <./figure/check/P2_s23_clamped.png> <./figure/check/P2_s23_natural.png> <./
figure/check/P2_s23_periodic.png>]
<./figure/check/P4_compare.png, id=47, 462.528pt x 346.896pt>
File: ./figure/check/P4_compare.png Graphic file (type png)
<use ./figure/check/P4_compare.png>
Package pdftex.def Info: ./figure/check/P4_compare.png  used on input line 250.

(pdftex.def)             Requested size: 230.46576pt x 172.84943pt.
 [5 <./figure/check/P3_s23_clamped.png> <./figure/check/P3_s23_natural.png> <./
figure/check/P3_s23_periodic.png>]
<./figure/check/P5_bspline.png, id=54, 462.528pt x 346.896pt>
File: ./figure/check/P5_bspline.png Graphic file (type png)
<use ./figure/check/P5_bspline.png>
Package pdftex.def Info: ./figure/check/P5_bspline.png  used on input line 295.

(pdftex.def)             Requested size: 230.46576pt x 172.84943pt.
 [6 <./figure/check/P4_compare.png>]
<./figure/Sphere/spline_fitting_all.png, id=59, 462.528pt x 346.896pt>
File: ./figure/Sphere/spline_fitting_all.png Graphic file (type png)
<use ./figure/Sphere/spline_fitting_all.png>
Package pdftex.def Info: ./figure/Sphere/spline_fitting_all.png  used on input 
line 320.
(pdftex.def)             Requested size: 230.46576pt x 172.84943pt.
<./figure/Sphere/spline_fitting_spherical.png, id=60, 462.528pt x 346.896pt>
File: ./figure/Sphere/spline_fitting_spherical.png Graphic file (type png)
<use ./figure/Sphere/spline_fitting_spherical.png>
Package pdftex.def Info: ./figure/Sphere/spline_fitting_spherical.png  used on 
input line 321.
(pdftex.def)             Requested size: 230.46576pt x 172.84943pt.
 [7 <./figure/check/P5_bspline.png> <./figure/Sphere/spline_fitting_all.png> <.
/figure/Sphere/spline_fitting_spherical.png>]
<./figure/problemA/N_6.png, id=68, 462.528pt x 346.896pt>
File: ./figure/problemA/N_6.png Graphic file (type png)
<use ./figure/problemA/N_6.png>
Package pdftex.def Info: ./figure/problemA/N_6.png  used on input line 374.
(pdftex.def)             Requested size: 230.46576pt x 172.84943pt.
<./figure/problemA/N_11.png, id=69, 462.528pt x 346.896pt>
File: ./figure/problemA/N_11.png Graphic file (type png)
<use ./figure/problemA/N_11.png>
Package pdftex.def Info: ./figure/problemA/N_11.png  used on input line 375.
(pdftex.def)             Requested size: 230.46576pt x 172.84943pt.
<./figure/problemA/N_21.png, id=70, 462.528pt x 346.896pt>
File: ./figure/problemA/N_21.png Graphic file (type png)
<use ./figure/problemA/N_21.png>
Package pdftex.def Info: ./figure/problemA/N_21.png  used on input line 376.
(pdftex.def)             Requested size: 230.46576pt x 172.84943pt.
<./figure/problemA/N_41.png, id=71, 462.528pt x 346.896pt>
File: ./figure/problemA/N_41.png Graphic file (type png)
<use ./figure/problemA/N_41.png>
Package pdftex.def Info: ./figure/problemA/N_41.png  used on input line 377.
(pdftex.def)             Requested size: 230.46576pt x 172.84943pt.
<./figure/problemA/N_81.png, id=72, 462.528pt x 346.896pt>
File: ./figure/problemA/N_81.png Graphic file (type png)
<use ./figure/problemA/N_81.png>
Package pdftex.def Info: ./figure/problemA/N_81.png  used on input line 378.
(pdftex.def)             Requested size: 230.46576pt x 172.84943pt.
 [8] [9 <./figure/problemA/N_6.png> <./figure/problemA/N_11.png> <./figure/prob
lemA/N_21.png> <./figure/problemA/N_41.png> <./figure/problemA/N_81.png>]
<./figure/problemC/s23.png, id=84, 462.528pt x 346.896pt>
File: ./figure/problemC/s23.png Graphic file (type png)
<use ./figure/problemC/s23.png>
Package pdftex.def Info: ./figure/problemC/s23.png  used on input line 422.
(pdftex.def)             Requested size: 230.46576pt x 172.84943pt.
<./figure/problemC/s12.png, id=85, 462.528pt x 346.896pt>
File: ./figure/problemC/s12.png Graphic file (type png)
<use ./figure/problemC/s12.png>
Package pdftex.def Info: ./figure/problemC/s12.png  used on input line 423.
(pdftex.def)             Requested size: 230.46576pt x 172.84943pt.
 [10 <./figure/problemC/s23.png> <./figure/problemC/s12.png>]
<./figure/problemE/r1_chord_N40.png, id=91, 462.528pt x 346.896pt>
File: ./figure/problemE/r1_chord_N40.png Graphic file (type png)
<use ./figure/problemE/r1_chord_N40.png>
Package pdftex.def Info: ./figure/problemE/r1_chord_N40.png  used on input line
 505.
(pdftex.def)             Requested size: 230.46576pt x 172.84943pt.
<./figure/problemE/r1_unit_N40.png, id=92, 462.528pt x 346.896pt>
File: ./figure/problemE/r1_unit_N40.png Graphic file (type png)
<use ./figure/problemE/r1_unit_N40.png>
Package pdftex.def Info: ./figure/problemE/r1_unit_N40.png  used on input line 
506.
(pdftex.def)             Requested size: 230.46576pt x 172.84943pt.
<./figure/problemE/r2_chord_N40.png, id=93, 462.528pt x 346.896pt>
File: ./figure/problemE/r2_chord_N40.png Graphic file (type png)
<use ./figure/problemE/r2_chord_N40.png>
Package pdftex.def Info: ./figure/problemE/r2_chord_N40.png  used on input line
 507.
(pdftex.def)             Requested size: 230.46576pt x 172.84943pt.
<./figure/problemE/r2_unit_N40.png, id=94, 462.528pt x 346.896pt>
File: ./figure/problemE/r2_unit_N40.png Graphic file (type png)
<use ./figure/problemE/r2_unit_N40.png>
Package pdftex.def Info: ./figure/problemE/r2_unit_N40.png  used on input line 
508.
(pdftex.def)             Requested size: 230.46576pt x 172.84943pt.
<./figure/problemE/r3_chord_N40.png, id=95, 462.528pt x 346.896pt>
File: ./figure/problemE/r3_chord_N40.png Graphic file (type png)
<use ./figure/problemE/r3_chord_N40.png>
Package pdftex.def Info: ./figure/problemE/r3_chord_N40.png  used on input line
 509.
(pdftex.def)             Requested size: 230.46576pt x 172.84943pt.
<./figure/problemE/r3_unit_N40.png, id=96, 462.528pt x 346.896pt>
File: ./figure/problemE/r3_unit_N40.png Graphic file (type png)
<use ./figure/problemE/r3_unit_N40.png>
Package pdftex.def Info: ./figure/problemE/r3_unit_N40.png  used on input line 
510.
(pdftex.def)             Requested size: 230.46576pt x 172.84943pt.

[11] [12 <./figure/problemE/r1_chord_N40.png> <./figure/problemE/r1_unit_N40.pn
g> <./figure/problemE/r2_chord_N40.png> <./figure/problemE/r2_unit_N40.png> <./
figure/problemE/r3_chord_N40.png> <./figure/problemE/r3_unit_N40.png>]
<./figure/test/func_plot.png, id=109, 462.528pt x 346.896pt>
File: ./figure/test/func_plot.png Graphic file (type png)
<use ./figure/test/func_plot.png>
Package pdftex.def Info: ./figure/test/func_plot.png  used on input line 547.
(pdftex.def)             Requested size: 230.46576pt x 172.84943pt.
 [13 <./figure/test/func_plot.png>] [14] (docs/report.aux) ) 
Here is how much of TeX's memory you used:
 5995 strings out of 480247
 87240 string characters out of 5896150
 817190 words of memory out of 5000000
 23851 multiletter control sequences out of 15000+600000
 479729 words of font info for 69 fonts, out of 8000000 for 9000
 14 hyphenation exceptions out of 8191
 55i,7n,64p,658b,1644s stack positions out of 5000i,500n,10000p,200000b,80000s
 </home/vangee/.tex
live2021/texmf-var/fonts/pk/ljfour/jknappen/ec/tcrm0600.600pk> </home/vangee/.t
exlive2021/texmf-var/fonts/pk/ljfour/jknappen/ec/tcrm0800.600pk></usr/share/tex
live/texmf-dist/fonts/type1/public/amsfonts/cm/cmbx10.pfb></usr/share/texlive/t
exmf-dist/fonts/type1/public/amsfonts/cm/cmbx12.pfb></usr/share/texlive/texmf-d
ist/fonts/type1/public/amsfonts/cm/cmmi10.pfb></usr/share/texlive/texmf-dist/fo
nts/type1/public/amsfonts/cm/cmmi12.pfb></usr/share/texlive/texmf-dist/fonts/ty
pe1/public/amsfonts/cm/cmmi7.pfb></usr/share/texlive/texmf-dist/fonts/type1/pub
lic/amsfonts/cm/cmr10.pfb></usr/share/texlive/texmf-dist/fonts/type1/public/ams
fonts/cm/cmr12.pfb></usr/share/texlive/texmf-dist/fonts/type1/public/amsfonts/c
m/cmr17.pfb></usr/share/texlive/texmf-dist/fonts/type1/public/amsfonts/cm/cmr5.
pfb></usr/share/texlive/texmf-dist/fonts/type1/public/amsfonts/cm/cmr7.pfb></us
r/share/texlive/texmf-dist/fonts/type1/public/amsfonts/cm/cmr8.pfb></usr/share/
texlive/texmf-dist/fonts/type1/public/amsfonts/cm/cmsy10.pfb></usr/share/texliv
e/texmf-dist/fonts/type1/public/amsfonts/cm/cmsy7.pfb></usr/share/texlive/texmf
-dist/fonts/type1/public/amsfonts/cm/cmti12.pfb></usr/share/texlive/texmf-dist/
fonts/type1/public/amsfonts/cm/cmtt10.pfb></usr/share/texlive/texmf-dist/fonts/
type1/public/amsfonts/cm/cmtt8.pfb>
Output written on docs/report.pdf (14 pages, 983220 bytes).
PDF statistics:
 193 PDF objects out of 1000 (max. 8388607)
 90 compressed objects within 1 object stream
 0 named destinations out of 1000 (max. 500000)
 131 words of extra memory for PDF output out of 10000 (max. 10000000)

